[INFO  - 2019-04-10T19:16:17.785Z] GhostDriver - Main - running on port 5918
[INFO  - 2019-04-10T19:16:22.192Z] Session [2067cfb0-5bc5-11e9-ab18-359a94ee8298] - page.settings - {"XSSAuditingEnabled":false,"javascriptCanCloseWindows":true,"javascriptCanOpenWindows":true,"javascriptEnabled":true,"loadImages":true,"localToRemoteUrlAccessEnabled":false,"userAgent":"Mozilla/5.0 (Windows NT 6.2; WOW64) AppleWebKit/538.1 (KHTML, like Gecko) PhantomJS/2.1.1 Safari/538.1","webSecurityEnabled":true}
[INFO  - 2019-04-10T19:16:22.192Z] Session [2067cfb0-5bc5-11e9-ab18-359a94ee8298] - page.customHeaders:  - {}
[INFO  - 2019-04-10T19:16:22.199Z] Session [2067cfb0-5bc5-11e9-ab18-359a94ee8298] - Session.negotiatedCapabilities - {"browserName":"phantomjs","version":"2.1.1","driverName":"ghostdriver","driverVersion":"1.2.0","platform":"windows-10-32bit","javascriptEnabled":true,"takesScreenshot":true,"handlesAlerts":false,"databaseEnabled":false,"locationContextEnabled":false,"applicationCacheEnabled":false,"browserConnectionEnabled":false,"cssSelectorsEnabled":true,"webStorageEnabled":false,"rotatable":false,"acceptSslCerts":false,"nativeEvents":true,"proxy":{"proxyType":"direct"}}
[INFO  - 2019-04-10T19:16:22.199Z] SessionManagerReqHand - _postNewSessionCommand - New Session Created: 2067cfb0-5bc5-11e9-ab18-359a94ee8298
[ERROR - 2019-04-10T19:16:25.932Z] Session [2067cfb0-5bc5-11e9-ab18-359a94ee8298] - page.onError - msg: TypeError: undefined is not a constructor (evaluating 'el.prepend(gdprMessageDiv)')

  phantomjs://platform/console++.js:263 in error
[ERROR - 2019-04-10T19:16:25.933Z] Session [2067cfb0-5bc5-11e9-ab18-359a94ee8298] - page.onError - stack:
  (anonymous function) (https://img.appledaily.com.tw/appledaily/images/gdpr/gdpr-v2.js?cpreg=TW&platform=WEB&v=20180629:29)

  phantomjs://platform/console++.js:263 in error
[ERROR - 2019-04-10T19:16:30.779Z] Session [2067cfb0-5bc5-11e9-ab18-359a94ee8298] - page.onError - msg: ErrorUtils caught an error: "<![EX[["Tried to listen to element of type %s from %s: %s","click","Error","C...". Subsequent errors won't be logged; see https://fburl.com/debugjs.

  phantomjs://platform/console++.js:263 in error
[ERROR - 2019-04-10T19:16:30.779Z] Session [2067cfb0-5bc5-11e9-ab18-359a94ee8298] - page.onError - stack:
  reportError (https://static.xx.fbcdn.net/rsrc.php/v3/y5/r/uBviycCFA66.js:55)

  phantomjs://platform/console++.js:263 in error
[INFO  - 2019-04-10T19:21:17.782Z] SessionManagerReqHand - _cleanupWindowlessSessions - Asynchronous Sessions clean-up phase starting NOW
[INFO  - 2019-04-10T19:26:17.782Z] SessionManagerReqHand - _cleanupWindowlessSessions - Asynchronous Sessions clean-up phase starting NOW
[INFO  - 2019-04-10T19:31:17.782Z] SessionManagerReqHand - _cleanupWindowlessSessions - Asynchronous Sessions clean-up phase starting NOW
[INFO  - 2019-04-10T19:36:17.789Z] SessionManagerReqHand - _cleanupWindowlessSessions - Asynchronous Sessions clean-up phase starting NOW
[INFO  - 2019-04-10T19:41:17.789Z] SessionManagerReqHand - _cleanupWindowlessSessions - Asynchronous Sessions clean-up phase starting NOW
[INFO  - 2019-04-11T02:06:49.430Z] SessionManagerReqHand - _cleanupWindowlessSessions - Asynchronous Sessions clean-up phase starting NOW
[INFO  - 2019-04-11T02:11:49.409Z] SessionManagerReqHand - _cleanupWindowlessSessions - Asynchronous Sessions clean-up phase starting NOW
[INFO  - 2019-04-11T02:16:49.409Z] SessionManagerReqHand - _cleanupWindowlessSessions - Asynchronous Sessions clean-up phase starting NOW
[INFO  - 2019-04-11T02:21:49.409Z] SessionManagerReqHand - _cleanupWindowlessSessions - Asynchronous Sessions clean-up phase starting NOW
[INFO  - 2019-04-11T02:26:49.410Z] SessionManagerReqHand - _cleanupWindowlessSessions - Asynchronous Sessions clean-up phase starting NOW
[INFO  - 2019-04-11T02:31:49.410Z] SessionManagerReqHand - _cleanupWindowlessSessions - Asynchronous Sessions clean-up phase starting NOW
[INFO  - 2019-04-11T02:36:49.410Z] SessionManagerReqHand - _cleanupWindowlessSessions - Asynchronous Sessions clean-up phase starting NOW
[INFO  - 2019-04-11T02:41:49.411Z] SessionManagerReqHand - _cleanupWindowlessSessions - Asynchronous Sessions clean-up phase starting NOW
[INFO  - 2019-04-11T02:46:49.411Z] SessionManagerReqHand - _cleanupWindowlessSessions - Asynchronous Sessions clean-up phase starting NOW
[INFO  - 2019-04-11T02:51:49.412Z] SessionManagerReqHand - _cleanupWindowlessSessions - Asynchronous Sessions clean-up phase starting NOW
